2016-11-20 22:21:28,226 [Worker-0] INFO  o.e.m.c.i.l.LifecycleMappingFactory - Using NULL lifecycle mapping for MavenProject: bh:basketball-heat:0.0.1-SNAPSHOT @ /Users/Allen/work/code/basketball-heat/basketball-heat/pom.xml.
2016-11-20 22:21:29,019 [Worker-0] INFO  o.e.m.c.i.l.LifecycleMappingFactory - Using org.eclipse.m2e.jdt.JarLifecycleMapping lifecycle mapping for MavenProject: bh-dao:bh-dao:0.0.1-SNAPSHOT @ /Users/Allen/work/code/basketball-heat/basketball-heat/bh-dao/pom.xml.
2016-11-20 22:21:29,085 [Worker-0] INFO  o.e.m.c.i.l.LifecycleMappingFactory - Using org.eclipse.m2e.jdt.JarLifecycleMapping lifecycle mapping for MavenProject: bh-core:bh-core:0.0.1-SNAPSHOT @ /Users/Allen/work/code/basketball-heat/basketball-heat/bh-core/pom.xml.
2016-11-20 22:21:29,348 [Worker-0] WARN  o.e.m.c.i.embedder.EclipseLogger - The POM for com.alibaba:druid:jar:1.0.2 is invalid, transitive dependencies (if any) will not be available, enable debug logging for more details
2016-11-20 22:21:29,440 [Worker-0] INFO  o.e.m.c.i.l.LifecycleMappingFactory - Using org.eclipse.m2e.jdt.JarLifecycleMapping lifecycle mapping for MavenProject: bh-model:bh-model:0.0.1-SNAPSHOT @ /Users/Allen/work/code/basketball-heat/basketball-heat/bh-model/pom.xml.
2016-11-20 22:21:29,620 [Worker-0] INFO  o.e.m.c.i.l.LifecycleMappingFactory - Using org.maven.ide.eclipse.wtp.WarLifecycleMapping lifecycle mapping for MavenProject: bh-web:bh-web:0.0.1-SNAPSHOT @ /Users/Allen/work/code/basketball-heat/basketball-heat/bh-web/pom.xml.
2016-11-20 22:21:29,739 [Worker-0] INFO  o.e.m.c.i.l.LifecycleMappingFactory - Using org.eclipse.m2e.jdt.JarLifecycleMapping lifecycle mapping for MavenProject: bh-api:bh-api:0.0.1-SNAPSHOT @ /Users/Allen/work/code/basketball-heat/basketball-heat/bh-api/pom.xml.
2016-11-20 22:21:31,160 [Worker-0] WARN  o.e.m.c.i.embedder.EclipseLogger - The POM for com.alibaba:druid:jar:1.0.2 is invalid, transitive dependencies (if any) will not be available, enable debug logging for more details
2016-11-20 22:21:32,621 [Worker-3] INFO  o.e.m.c.i.l.LifecycleMappingFactory - Using org.eclipse.m2e.jdt.JarLifecycleMapping lifecycle mapping for MavenProject: bh-dao:bh-dao:0.0.1-SNAPSHOT @ /Users/Allen/work/code/basketball-heat/basketball-heat/bh-dao/pom.xml.
2016-11-20 22:21:32,630 [Worker-0] INFO  o.e.m.j.i.AbstractJavaProjectConfigurator - Adding source folder /bh-model/src/main/java
2016-11-20 22:21:32,633 [Worker-0] INFO  o.e.m.j.i.AbstractJavaProjectConfigurator - Adding source folder /bh-model/src/test/java
2016-11-20 22:21:32,668 [Worker-3] INFO  o.e.m.c.i.l.LifecycleMappingFactory - Using org.eclipse.m2e.jdt.JarLifecycleMapping lifecycle mapping for MavenProject: bh-core:bh-core:0.0.1-SNAPSHOT @ /Users/Allen/work/code/basketball-heat/basketball-heat/bh-core/pom.xml.
2016-11-20 22:21:32,711 [Worker-3] WARN  o.e.m.c.i.embedder.EclipseLogger - The POM for com.alibaba:druid:jar:1.0.2 is invalid, transitive dependencies (if any) will not be available, enable debug logging for more details
2016-11-20 22:21:32,836 [Worker-3] INFO  o.e.m.c.i.l.LifecycleMappingFactory - Using org.eclipse.m2e.jdt.JarLifecycleMapping lifecycle mapping for MavenProject: bh-model:bh-model:0.0.1-SNAPSHOT @ /Users/Allen/work/code/basketball-heat/basketball-heat/bh-model/pom.xml.
2016-11-20 22:21:32,841 [Worker-0] INFO  o.e.m.j.i.AbstractJavaProjectConfigurator - Adding source folder /bh-api/src/main/java
2016-11-20 22:21:32,841 [Worker-0] INFO  o.e.m.j.i.AbstractJavaProjectConfigurator - Adding source folder /bh-api/src/test/java
2016-11-20 22:21:32,875 [Worker-3] INFO  o.e.m.c.i.l.LifecycleMappingFactory - Using org.maven.ide.eclipse.wtp.WarLifecycleMapping lifecycle mapping for MavenProject: bh-web:bh-web:0.0.1-SNAPSHOT @ /Users/Allen/work/code/basketball-heat/basketball-heat/bh-web/pom.xml.
2016-11-20 22:21:32,911 [Worker-0] INFO  o.e.m.j.i.AbstractJavaProjectConfigurator - Adding source folder /bh-dao/src/main/java
2016-11-20 22:21:32,911 [Worker-0] INFO  o.e.m.j.i.AbstractJavaProjectConfigurator - Adding source folder /bh-dao/src/test/java
2016-11-20 22:21:33,029 [Worker-0] INFO  o.e.m.j.i.AbstractJavaProjectConfigurator - Adding source folder /bh-core/src/main/java
2016-11-20 22:21:33,030 [Worker-0] INFO  o.e.m.j.i.AbstractJavaProjectConfigurator - Resources folder /bh-core/src/main/resources overlaps with sources folder /bh-core/src/main/resources
2016-11-20 22:21:33,053 [Worker-3] INFO  o.e.m.c.i.l.LifecycleMappingFactory - Using org.eclipse.m2e.jdt.JarLifecycleMapping lifecycle mapping for MavenProject: bh-api:bh-api:0.0.1-SNAPSHOT @ /Users/Allen/work/code/basketball-heat/basketball-heat/bh-api/pom.xml.
2016-11-20 22:21:33,058 [Worker-0] INFO  o.e.m.j.i.AbstractJavaProjectConfigurator - Adding source folder /bh-core/src/test/java
2016-11-20 22:21:33,686 [Worker-0] INFO  o.e.m.j.i.AbstractJavaProjectConfigurator - Adding source folder /bh-web/src/main/java
2016-11-20 22:21:33,687 [Worker-0] INFO  o.e.m.j.i.AbstractJavaProjectConfigurator - Adding resource folder /bh-web/src/main/resources
2016-11-20 22:21:33,691 [Worker-0] INFO  o.e.m.j.i.AbstractJavaProjectConfigurator - Adding source folder /bh-web/src/test/java
2016-11-20 22:21:33,727 [Worker-3] INFO  o.e.m.c.i.l.LifecycleMappingFactory - Using NULL lifecycle mapping for MavenProject: bh:basketball-heat:0.0.1-SNAPSHOT @ /Users/Allen/work/code/basketball-heat/basketball-heat/pom.xml.
2016-11-20 22:21:33,749 [Worker-3] INFO  o.e.m.c.i.l.LifecycleMappingFactory - Using org.eclipse.m2e.jdt.JarLifecycleMapping lifecycle mapping for MavenProject: bh-dao:bh-dao:0.0.1-SNAPSHOT @ /Users/Allen/work/code/basketball-heat/basketball-heat/bh-dao/pom.xml.
2016-11-20 22:21:33,774 [Worker-3] INFO  o.e.m.c.i.l.LifecycleMappingFactory - Using org.eclipse.m2e.jdt.JarLifecycleMapping lifecycle mapping for MavenProject: bh-core:bh-core:0.0.1-SNAPSHOT @ /Users/Allen/work/code/basketball-heat/basketball-heat/bh-core/pom.xml.
2016-11-20 22:21:33,808 [Worker-3] INFO  o.e.m.c.i.l.LifecycleMappingFactory - Using org.eclipse.m2e.jdt.JarLifecycleMapping lifecycle mapping for MavenProject: bh-model:bh-model:0.0.1-SNAPSHOT @ /Users/Allen/work/code/basketball-heat/basketball-heat/bh-model/pom.xml.
2016-11-20 22:21:33,848 [Worker-3] INFO  o.e.m.c.i.l.LifecycleMappingFactory - Using org.maven.ide.eclipse.wtp.WarLifecycleMapping lifecycle mapping for MavenProject: bh-web:bh-web:0.0.1-SNAPSHOT @ /Users/Allen/work/code/basketball-heat/basketball-heat/bh-web/pom.xml.
2016-11-20 22:21:33,952 [Worker-3] INFO  o.e.m.c.i.l.LifecycleMappingFactory - Using org.eclipse.m2e.jdt.JarLifecycleMapping lifecycle mapping for MavenProject: bh-api:bh-api:0.0.1-SNAPSHOT @ /Users/Allen/work/code/basketball-heat/basketball-heat/bh-api/pom.xml.
2016-11-20 22:21:35,136 [Worker-0] ERROR o.e.m2e.wtp.WTPProjectConfigurator - Unable to configure bh-web
org.eclipse.m2e.wtp.MarkedException: Unable to configure bh-web
	at org.eclipse.m2e.wtp.AbstractProjectConfiguratorDelegate.configureProject(AbstractProjectConfiguratorDelegate.java:97) ~[na:na]
	at org.eclipse.m2e.wtp.WTPProjectConfigurator.configure(WTPProjectConfigurator.java:70) ~[na:na]
	at org.eclipse.m2e.core.project.configurator.AbstractLifecycleMapping.configure(AbstractLifecycleMapping.java:120) [org.eclipse.m2e.core_1.5.0.20140606-0033.jar:na]
	at org.eclipse.m2e.core.internal.project.ProjectConfigurationManager$3.call(ProjectConfigurationManager.java:477) [org.eclipse.m2e.core_1.5.0.20140606-0033.jar:na]
	at org.eclipse.m2e.core.internal.project.ProjectConfigurationManager$3.call(ProjectConfigurationManager.java:1) [org.eclipse.m2e.core_1.5.0.20140606-0033.jar:na]
	at org.eclipse.m2e.core.internal.embedder.MavenExecutionContext.executeBare(MavenExecutionContext.java:166) [org.eclipse.m2e.core_1.5.0.20140606-0033.jar:na]
	at org.eclipse.m2e.core.internal.embedder.MavenExecutionContext.execute(MavenExecutionContext.java:142) [org.eclipse.m2e.core_1.5.0.20140606-0033.jar:na]
	at org.eclipse.m2e.core.internal.project.ProjectConfigurationManager.updateProjectConfiguration(ProjectConfigurationManager.java:470) [org.eclipse.m2e.core_1.5.0.20140606-0033.jar:na]
	at org.eclipse.m2e.core.internal.project.ProjectConfigurationManager.configureNewMavenProjects(ProjectConfigurationManager.java:250) [org.eclipse.m2e.core_1.5.0.20140606-0033.jar:na]
	at org.eclipse.m2e.core.internal.project.ProjectConfigurationManager$1.call(ProjectConfigurationManager.java:163) [org.eclipse.m2e.core_1.5.0.20140606-0033.jar:na]
	at org.eclipse.m2e.core.internal.project.ProjectConfigurationManager$1.call(ProjectConfigurationManager.java:1) [org.eclipse.m2e.core_1.5.0.20140606-0033.jar:na]
	at org.eclipse.m2e.core.internal.embedder.MavenExecutionContext.executeBare(MavenExecutionContext.java:166) [org.eclipse.m2e.core_1.5.0.20140606-0033.jar:na]
	at org.eclipse.m2e.core.internal.embedder.MavenExecutionContext.execute(MavenExecutionContext.java:142) [org.eclipse.m2e.core_1.5.0.20140606-0033.jar:na]
	at org.eclipse.m2e.core.internal.embedder.MavenExecutionContext.execute(MavenExecutionContext.java:96) [org.eclipse.m2e.core_1.5.0.20140606-0033.jar:na]
	at org.eclipse.m2e.core.internal.embedder.MavenImpl.execute(MavenImpl.java:1348) [org.eclipse.m2e.core_1.5.0.20140606-0033.jar:na]
	at org.eclipse.m2e.core.internal.project.ProjectConfigurationManager.importProjects(ProjectConfigurationManager.java:133) [org.eclipse.m2e.core_1.5.0.20140606-0033.jar:na]
	at org.eclipse.m2e.core.ui.internal.wizards.ImportMavenProjectsJob$1.doCreateMavenProjects(ImportMavenProjectsJob.java:73) [org.eclipse.m2e.core.ui_1.5.0.20140606-0033.jar:na]
	at org.eclipse.m2e.core.ui.internal.wizards.AbstractCreateMavenProjectsOperation.run(AbstractCreateMavenProjectsOperation.java:62) [org.eclipse.m2e.core.ui_1.5.0.20140606-0033.jar:na]
	at org.eclipse.m2e.core.ui.internal.wizards.ImportMavenProjectsJob.runInWorkspace(ImportMavenProjectsJob.java:82) [org.eclipse.m2e.core.ui_1.5.0.20140606-0033.jar:na]
	at org.eclipse.core.internal.resources.InternalWorkspaceJob.run(InternalWorkspaceJob.java:38) [org.eclipse.core.resources_3.9.1.v20140825-1431.jar:na]
	at org.eclipse.core.internal.jobs.Worker.run(Worker.java:54) [org.eclipse.core.jobs_3.6.0.v20140424-0053.jar:na]
Caused by: org.eclipse.core.runtime.CoreException: One or more constraints have not been satisfied.
	at org.eclipse.wst.common.project.facet.core.internal.FacetedProject.modifyInternal(FacetedProject.java:363) ~[na:na]
	at org.eclipse.wst.common.project.facet.core.internal.FacetedProject.mergeChangesInternal(FacetedProject.java:1181) ~[na:na]
	at org.eclipse.wst.common.project.facet.core.internal.FacetedProject.access$2(FacetedProject.java:1117) ~[na:na]
	at org.eclipse.wst.common.project.facet.core.internal.FacetedProject$1.run(FacetedProject.java:324) ~[na:na]
	at org.eclipse.core.internal.resources.Workspace.run(Workspace.java:2313) ~[org.eclipse.core.resources_3.9.1.v20140825-1431.jar:na]
	at org.eclipse.wst.common.project.facet.core.internal.FacetedProject.modify(FacetedProject.java:339) ~[na:na]
	at org.eclipse.m2e.wtp.WebProjectConfiguratorDelegate.configure(WebProjectConfiguratorDelegate.java:150) ~[na:na]
	at org.eclipse.m2e.wtp.AbstractProjectConfiguratorDelegate.configureProject(AbstractProjectConfiguratorDelegate.java:93) ~[na:na]
	... 20 common frames omitted
2016-11-20 22:21:35,976 [Worker-0] INFO  o.e.m.c.i.p.ProjectConfigurationManager - Imported and configured 6 project(s) in 8 sec
2016-11-20 22:21:36,259 [Worker-3] WARN  o.e.m.c.i.embedder.EclipseLogger - The POM for com.alibaba:druid:jar:1.0.2 is invalid, transitive dependencies (if any) will not be available, enable debug logging for more details
2016-11-20 22:21:37,361 [Worker-7] INFO  o.e.m.c.i.embedder.EclipseLogger - Using 'UTF-8' encoding to copy filtered resources.
2016-11-20 22:21:37,362 [Worker-7] INFO  o.e.m.c.i.embedder.EclipseLogger - skip non existing resourceDirectory /Users/Allen/work/code/basketball-heat/basketball-heat/bh-model/src/main/resources
2016-11-20 22:21:37,365 [Worker-7] INFO  o.e.m.c.i.embedder.EclipseLogger - Using 'UTF-8' encoding to copy filtered resources.
2016-11-20 22:21:37,365 [Worker-7] INFO  o.e.m.c.i.embedder.EclipseLogger - skip non existing resourceDirectory /Users/Allen/work/code/basketball-heat/basketball-heat/bh-model/src/test/resources
2016-11-20 22:21:37,440 [Worker-7] INFO  o.e.m.c.i.embedder.EclipseLogger - Using 'UTF-8' encoding to copy filtered resources.
2016-11-20 22:21:37,440 [Worker-7] INFO  o.e.m.c.i.embedder.EclipseLogger - skip non existing resourceDirectory /Users/Allen/work/code/basketball-heat/basketball-heat/bh-dao/src/main/resources
2016-11-20 22:21:37,442 [Worker-7] INFO  o.e.m.c.i.embedder.EclipseLogger - Using 'UTF-8' encoding to copy filtered resources.
2016-11-20 22:21:37,442 [Worker-7] INFO  o.e.m.c.i.embedder.EclipseLogger - skip non existing resourceDirectory /Users/Allen/work/code/basketball-heat/basketball-heat/bh-dao/src/test/resources
2016-11-20 22:21:37,490 [Worker-7] INFO  o.e.m.c.i.embedder.EclipseLogger - Using 'UTF-8' encoding to copy filtered resources.
2016-11-20 22:21:37,490 [Worker-7] INFO  o.e.m.c.i.embedder.EclipseLogger - skip non existing resourceDirectory /Users/Allen/work/code/basketball-heat/basketball-heat/bh-api/src/main/resources
2016-11-20 22:21:37,491 [Worker-7] INFO  o.e.m.c.i.embedder.EclipseLogger - Using 'UTF-8' encoding to copy filtered resources.
2016-11-20 22:21:37,492 [Worker-7] INFO  o.e.m.c.i.embedder.EclipseLogger - skip non existing resourceDirectory /Users/Allen/work/code/basketball-heat/basketball-heat/bh-api/src/test/resources
2016-11-20 22:21:37,644 [Worker-7] WARN  o.e.m.c.i.embedder.EclipseLogger - The POM for com.alibaba:druid:jar:1.0.2 is invalid, transitive dependencies (if any) will not be available, enable debug logging for more details
2016-11-20 22:21:37,686 [Worker-7] INFO  o.e.m.c.i.embedder.EclipseLogger - Using 'UTF-8' encoding to copy filtered resources.
2016-11-20 22:21:37,706 [Worker-7] INFO  o.e.m.c.i.embedder.EclipseLogger - Copying 5 resources
2016-11-20 22:21:37,730 [Worker-7] INFO  o.e.m.c.i.embedder.EclipseLogger - Using 'UTF-8' encoding to copy filtered resources.
2016-11-20 22:21:37,731 [Worker-7] INFO  o.e.m.c.i.embedder.EclipseLogger - skip non existing resourceDirectory /Users/Allen/work/code/basketball-heat/basketball-heat/bh-core/src/test/resources
2016-11-20 22:21:38,114 [Worker-7] INFO  o.e.m.c.i.l.LifecycleMappingFactory - Using org.maven.ide.eclipse.wtp.WarLifecycleMapping lifecycle mapping for MavenProject: bh-web:bh-web:0.0.1-SNAPSHOT @ /Users/Allen/work/code/basketball-heat/basketball-heat/bh-web/pom.xml.
2016-11-20 22:21:38,187 [Worker-7] WARN  o.e.m.c.i.embedder.EclipseLogger - The POM for com.alibaba:druid:jar:1.0.2 is invalid, transitive dependencies (if any) will not be available, enable debug logging for more details
2016-11-20 22:21:38,501 [Worker-7] WARN  o.e.m.c.i.embedder.EclipseLogger - The POM for com.alibaba:druid:jar:1.0.2 is invalid, transitive dependencies (if any) will not be available, enable debug logging for more details
2016-11-20 22:21:39,160 [Worker-7] INFO  o.e.m.c.i.embedder.EclipseLogger - Using 'UTF-8' encoding to copy filtered resources.
2016-11-20 22:21:39,168 [Worker-7] INFO  o.e.m.c.i.embedder.EclipseLogger - Copying 1 resource
2016-11-20 22:21:39,170 [Worker-7] INFO  o.e.m.c.i.embedder.EclipseLogger - Using 'UTF-8' encoding to copy filtered resources.
2016-11-20 22:21:39,170 [Worker-7] INFO  o.e.m.c.i.embedder.EclipseLogger - skip non existing resourceDirectory /Users/Allen/work/code/basketball-heat/basketball-heat/bh-web/src/test/resources
2016-11-20 22:21:55,880 [Worker-7] WARN  o.e.m.c.i.embedder.EclipseLogger - The POM for com.alibaba:druid:jar:1.0.2 is invalid, transitive dependencies (if any) will not be available, enable debug logging for more details
2016-11-20 22:21:55,975 [Worker-7] INFO  o.e.m.c.i.embedder.EclipseLogger - Using 'UTF-8' encoding to copy filtered resources.
2016-11-20 22:21:55,977 [Worker-7] INFO  o.e.m.c.i.embedder.EclipseLogger - Copying 0 resource
2016-11-20 22:21:55,979 [Worker-7] INFO  o.e.m.c.i.embedder.EclipseLogger - Using 'UTF-8' encoding to copy filtered resources.
2016-11-20 22:21:55,980 [Worker-7] INFO  o.e.m.c.i.embedder.EclipseLogger - skip non existing resourceDirectory /Users/Allen/work/code/basketball-heat/basketball-heat/bh-web/src/test/resources
2016-11-20 22:22:08,819 [Worker-1] INFO  o.e.m.c.i.p.ProjectConfigurationManager - Update started
2016-11-20 22:22:08,894 [Worker-1] INFO  o.e.m.c.i.l.LifecycleMappingFactory - Using org.maven.ide.eclipse.wtp.WarLifecycleMapping lifecycle mapping for MavenProject: bh-web:bh-web:0.0.1-SNAPSHOT @ /Users/Allen/work/code/basketball-heat/basketball-heat/bh-web/pom.xml.
2016-11-20 22:22:08,978 [Worker-1] WARN  o.e.m.c.i.embedder.EclipseLogger - The POM for com.alibaba:druid:jar:1.0.2 is invalid, transitive dependencies (if any) will not be available, enable debug logging for more details
2016-11-20 22:22:09,177 [Worker-1] WARN  o.e.m.c.i.embedder.EclipseLogger - The POM for com.alibaba:druid:jar:1.0.2 is invalid, transitive dependencies (if any) will not be available, enable debug logging for more details
2016-11-20 22:22:09,309 [Worker-1] INFO  o.e.m.j.i.AbstractJavaProjectConfigurator - Adding source folder /bh-web/src/main/java
2016-11-20 22:22:09,309 [Worker-1] INFO  o.e.m.j.i.AbstractJavaProjectConfigurator - Adding resource folder /bh-web/src/main/resources
2016-11-20 22:22:09,309 [Worker-1] INFO  o.e.m.j.i.AbstractJavaProjectConfigurator - Adding source folder /bh-web/src/test/java
2016-11-20 22:22:09,827 [Worker-1] INFO  o.e.m.c.i.l.LifecycleMappingFactory - Using org.maven.ide.eclipse.wtp.WarLifecycleMapping lifecycle mapping for MavenProject: bh-web:bh-web:0.0.1-SNAPSHOT @ /Users/Allen/work/code/basketball-heat/basketball-heat/bh-web/pom.xml.
2016-11-20 22:22:10,009 [Worker-1] WARN  o.e.m.c.i.embedder.EclipseLogger - The POM for com.alibaba:druid:jar:1.0.2 is invalid, transitive dependencies (if any) will not be available, enable debug logging for more details
2016-11-20 22:22:10,131 [Worker-1] INFO  o.e.m.w.i.f.ResourceFilteringBuildParticipant - Cleaning filtered folder for bh-web
2016-11-20 22:22:10,134 [Worker-1] INFO  o.e.m.c.i.p.ProjectConfigurationManager - Update completed: 1 sec
2016-11-20 22:22:10,392 [Worker-6] WARN  o.e.m.c.i.embedder.EclipseLogger - The POM for com.alibaba:druid:jar:1.0.2 is invalid, transitive dependencies (if any) will not be available, enable debug logging for more details
2016-11-20 22:22:10,452 [Worker-6] INFO  o.e.m.c.i.embedder.EclipseLogger - Using 'UTF-8' encoding to copy filtered resources.
2016-11-20 22:22:10,453 [Worker-6] INFO  o.e.m.c.i.embedder.EclipseLogger - Copying 1 resource
2016-11-20 22:22:10,455 [Worker-6] INFO  o.e.m.c.i.embedder.EclipseLogger - Using 'UTF-8' encoding to copy filtered resources.
2016-11-20 22:22:10,455 [Worker-6] INFO  o.e.m.c.i.embedder.EclipseLogger - skip non existing resourceDirectory /Users/Allen/work/code/basketball-heat/basketball-heat/bh-web/src/test/resources
2016-11-20 22:26:18,211 [Worker-4] INFO  o.e.m.c.i.embedder.EclipseLogger - Using 'UTF-8' encoding to copy filtered resources.
2016-11-20 22:26:18,212 [Worker-4] INFO  o.e.m.c.i.embedder.EclipseLogger - skip non existing resourceDirectory /Users/Allen/work/code/basketball-heat/basketball-heat/bh-model/src/main/resources
2016-11-20 22:26:18,215 [Worker-4] INFO  o.e.m.c.i.embedder.EclipseLogger - Using 'UTF-8' encoding to copy filtered resources.
2016-11-20 22:26:18,215 [Worker-4] INFO  o.e.m.c.i.embedder.EclipseLogger - skip non existing resourceDirectory /Users/Allen/work/code/basketball-heat/basketball-heat/bh-model/src/test/resources
2016-11-20 22:26:18,235 [Worker-4] INFO  o.e.m.c.i.embedder.EclipseLogger - Using 'UTF-8' encoding to copy filtered resources.
2016-11-20 22:26:18,236 [Worker-4] INFO  o.e.m.c.i.embedder.EclipseLogger - skip non existing resourceDirectory /Users/Allen/work/code/basketball-heat/basketball-heat/bh-dao/src/main/resources
2016-11-20 22:26:18,237 [Worker-4] INFO  o.e.m.c.i.embedder.EclipseLogger - Using 'UTF-8' encoding to copy filtered resources.
2016-11-20 22:26:18,237 [Worker-4] INFO  o.e.m.c.i.embedder.EclipseLogger - skip non existing resourceDirectory /Users/Allen/work/code/basketball-heat/basketball-heat/bh-dao/src/test/resources
2016-11-20 22:26:18,253 [Worker-4] INFO  o.e.m.c.i.embedder.EclipseLogger - Using 'UTF-8' encoding to copy filtered resources.
2016-11-20 22:26:18,253 [Worker-4] INFO  o.e.m.c.i.embedder.EclipseLogger - skip non existing resourceDirectory /Users/Allen/work/code/basketball-heat/basketball-heat/bh-api/src/main/resources
2016-11-20 22:26:18,254 [Worker-4] INFO  o.e.m.c.i.embedder.EclipseLogger - Using 'UTF-8' encoding to copy filtered resources.
2016-11-20 22:26:18,254 [Worker-4] INFO  o.e.m.c.i.embedder.EclipseLogger - skip non existing resourceDirectory /Users/Allen/work/code/basketball-heat/basketball-heat/bh-api/src/test/resources
2016-11-20 22:26:18,372 [Worker-4] WARN  o.e.m.c.i.embedder.EclipseLogger - The POM for com.alibaba:druid:jar:1.0.2 is invalid, transitive dependencies (if any) will not be available, enable debug logging for more details
2016-11-20 22:26:18,401 [Worker-4] INFO  o.e.m.c.i.embedder.EclipseLogger - Using 'UTF-8' encoding to copy filtered resources.
2016-11-20 22:26:18,401 [Worker-4] INFO  o.e.m.c.i.embedder.EclipseLogger - Copying 0 resource
2016-11-20 22:26:18,403 [Worker-4] INFO  o.e.m.c.i.embedder.EclipseLogger - Using 'UTF-8' encoding to copy filtered resources.
2016-11-20 22:26:18,403 [Worker-4] INFO  o.e.m.c.i.embedder.EclipseLogger - skip non existing resourceDirectory /Users/Allen/work/code/basketball-heat/basketball-heat/bh-core/src/test/resources
2016-11-20 22:26:18,456 [Worker-4] WARN  o.e.m.c.i.embedder.EclipseLogger - The POM for com.alibaba:druid:jar:1.0.2 is invalid, transitive dependencies (if any) will not be available, enable debug logging for more details
2016-11-20 22:26:18,534 [Worker-4] INFO  o.e.m.c.i.embedder.EclipseLogger - Using 'UTF-8' encoding to copy filtered resources.
2016-11-20 22:26:18,534 [Worker-4] INFO  o.e.m.c.i.embedder.EclipseLogger - Copying 0 resource
2016-11-20 22:26:18,535 [Worker-4] INFO  o.e.m.c.i.embedder.EclipseLogger - Using 'UTF-8' encoding to copy filtered resources.
2016-11-20 22:26:18,535 [Worker-4] INFO  o.e.m.c.i.embedder.EclipseLogger - skip non existing resourceDirectory /Users/Allen/work/code/basketball-heat/basketball-heat/bh-web/src/test/resources
2016-11-20 22:26:47,751 [Worker-8] INFO  o.e.m.c.i.embedder.EclipseLogger - Using 'UTF-8' encoding to copy filtered resources.
2016-11-20 22:26:47,752 [Worker-8] INFO  o.e.m.c.i.embedder.EclipseLogger - Copying 0 resource
2016-11-20 22:26:47,753 [Worker-8] INFO  o.e.m.c.i.embedder.EclipseLogger - Using 'UTF-8' encoding to copy filtered resources.
2016-11-20 22:26:47,753 [Worker-8] INFO  o.e.m.c.i.embedder.EclipseLogger - skip non existing resourceDirectory /Users/Allen/work/code/basketball-heat/basketball-heat/bh-web/src/test/resources
2016-11-20 22:29:57,158 [Worker-1] INFO  o.e.m.c.i.embedder.EclipseLogger - Using 'UTF-8' encoding to copy filtered resources.
2016-11-20 22:29:57,167 [Worker-1] INFO  o.e.m.c.i.embedder.EclipseLogger - Copying 0 resource
2016-11-20 22:29:57,181 [Worker-1] INFO  o.e.m.c.i.embedder.EclipseLogger - Using 'UTF-8' encoding to copy filtered resources.
2016-11-20 22:29:57,182 [Worker-1] INFO  o.e.m.c.i.embedder.EclipseLogger - skip non existing resourceDirectory /Users/Allen/work/code/basketball-heat/basketball-heat/bh-web/src/test/resources
